0 info it worked if it ends with ok
1 verbose cli [ 'E:\\devsoftwares\\nodejs\\node.exe',
1 verbose cli   'E:\\devsoftwares\\nodejs\\node_modules\\npm\\bin\\npm-cli.js',
1 verbose cli   'start' ]
2 info using npm@3.10.10
3 info using node@v6.11.4
4 verbose stack Error: missing script: start
4 verbose stack     at run (E:\devsoftwares\nodejs\node_modules\npm\lib\run-script.js:151:19)
4 verbose stack     at E:\devsoftwares\nodejs\node_modules\npm\lib\run-script.js:61:5
4 verbose stack     at E:\devsoftwares\nodejs\node_modules\npm\node_modules\read-package-json\read-json.js:356:5
4 verbose stack     at checkBinReferences_ (E:\devsoftwares\nodejs\node_modules\npm\node_modules\read-package-json\read-json.js:320:45)
4 verbose stack     at final (E:\devsoftwares\nodejs\node_modules\npm\node_modules\read-package-json\read-json.js:354:3)
4 verbose stack     at then (E:\devsoftwares\nodejs\node_modules\npm\node_modules\read-package-json\read-json.js:124:5)
4 verbose stack     at ReadFileContext.<anonymous> (E:\devsoftwares\nodejs\node_modules\npm\node_modules\read-package-json\read-json.js:295:20)
4 verbose stack     at ReadFileContext.callback (E:\devsoftwares\nodejs\node_modules\npm\node_modules\graceful-fs\graceful-fs.js:78:16)
4 verbose stack     at FSReqWrap.readFileAfterOpen [as oncomplete] (fs.js:367:13)
5 verbose cwd E:\typescript-practice\part1
6 error Windows_NT 10.0.16299
7 error argv "E:\\devsoftwares\\nodejs\\node.exe" "E:\\devsoftwares\\nodejs\\node_modules\\npm\\bin\\npm-cli.js" "start"
8 error node v6.11.4
9 error npm  v3.10.10
10 error missing script: start
11 error If you need help, you may report this error at:
11 error     <https://github.com/npm/npm/issues>
12 verbose exit [ 1, true ]
